<?xml version="1.0" encoding="utf-8"?><testsuites name="pytest tests"><testsuite name="pytest" errors="0" failures="0" skipped="0" tests="30" time="3.903" timestamp="2026-07-20T10:12:41.333048+00:00" hostname="agent-env-49245036-e672-4954-b5be-31bcba84c640"><testcase classname="tests.backend_test.TestAuth" name="test_login_owner_sets_cookies" time="0.655" /><testcase classname="tests.backend_test.TestMembers" name="test_list_hydrated" time="0.683" /><testcase classname="tests.backend_test.TestAuth" name="test_login_wrong_password" time="0.334" /><testcase classname="tests.backend_test.TestMembers" name="test_search_filter" time="0.315" /><testcase classname="tests.backend_test.TestMembers" name="test_status_filter" time="0.057" /><testcase classname="tests.backend_test.TestMembers" name="test_get_single" time="0.360" /><testcase classname="tests.backend_test.TestAuth" name="test_me_with_cookie" time="0.436" /><testcase classname="tests.backend_test.TestMembers" name="test_create_update_delete" time="0.465" /><testcase classname="tests.backend_test.TestAuth" name="test_me_without_cookie" time="0.139" /><testcase classname="tests.backend_test.TestAuth" name="test_logout_clears_cookies" time="0.479" /><testcase classname="tests.backend_test.TestAnalytics" name="test_overview" time="0.050" /><testcase classname="tests.backend_test.TestAnalytics" name="test_revenue_series_6" time="0.055" /><testcase classname="tests.backend_test.TestAnalytics" name="test_attendance_week" time="0.050" /><testcase classname="tests.backend_test.TestPlansTrainers" name="test_plans_seeded" time="0.041" /><testcase classname="tests.backend_test.TestAnalytics" name="test_plan_distribution" time="0.087" /><testcase classname="tests.backend_test.TestPlansTrainers" name="test_create_plan" time="0.081" /><testcase classname="tests.backend_test.TestCheckins" name="test_checkin_by_code" time="0.132" /><testcase classname="tests.backend_test.TestPlansTrainers" name="test_trainers_seeded" time="0.042" /><testcase classname="tests.backend_test.TestPlansTrainers" name="test_create_trainer" time="0.122" /><testcase classname="tests.backend_test.TestCheckins" name="test_checkin_by_member_id" time="0.112" /><testcase classname="tests.backend_test.TestPayments" name="test_list_hydrated" time="0.087" /><testcase classname="tests.backend_test.TestCheckins" name="test_list_checkins_sorted" time="0.044" /><testcase classname="tests.backend_test.TestPayments" name="test_create_payment_updates_member" time="0.317" /><testcase classname="tests.backend_test.TestCheckins" name="test_today_count" time="0.045" /><testcase classname="tests.backend_test.TestExpenses" name="test_expenses_crud" time="0.141" /><testcase classname="tests.backend_test.TestLeads" name="test_leads_crud" time="0.219" /><testcase classname="tests.backend_test.TestBranches" name="test_list_branches" time="0.264" /><testcase classname="tests.backend_test.TestRoleGuards" name="test_manager_cannot_create_staff" time="0.403" /><testcase classname="tests.backend_test.TestNotifications" name="test_notifications_flow" time="0.177" /><testcase classname="tests.backend_test.TestRoleGuards" name="test_owner_can_create_staff" time="0.064" /></testsuite></testsuites>